<?xml version="1.0" encoding="UTF-8"?>
<testsuite xmlns:xsi="http://www.w3.org/2001/XMLSchema-instance" xsi:noNamespaceSchemaLocation="https://maven.apache.org/surefire/maven-surefire-plugin/xsd/surefire-test-report.xsd" version="3.0.2" name="com.example.demo.AppUserRestControllerTest" time="2.347" tests="3" errors="0" skipped="0" failures="0">
  <properties>
    <property name="java.specification.version" value="22"/>
    <property name="sun.jnu.encoding" value="UTF-8"/>
    <property name="java.class.path" value="/Users/danieledwinmwathe.ng/CascadeProjects/springboot-demo-app/target/test-classes:/Users/danieledwinmwathe.ng/CascadeProjects/springboot-demo-app/target/classes:/Users/danieledwinmwathe.ng/.m2/repository/org/springframework/boot/spring-boot-starter-web/3.5.3/spring-boot-starter-web-3.5.3.jar:/Users/danieledwinmwathe.ng/.m2/repository/org/springframework/boot/spring-boot-starter/3.5.3/spring-boot-starter-3.5.3.jar:/Users/danieledwinmwathe.ng/.m2/repository/org/springframework/boot/spring-boot/3.5.3/spring-boot-3.5.3.jar:/Users/danieledwinmwathe.ng/.m2/repository/org/springframework/boot/spring-boot-autoconfigure/3.5.3/spring-boot-autoconfigure-3.5.3.jar:/Users/danieledwinmwathe.ng/.m2/repository/jakarta/annotation/jakarta.annotation-api/2.1.1/jakarta.annotation-api-2.1.1.jar:/Users/danieledwinmwathe.ng/.m2/repository/org/yaml/snakeyaml/2.4/snakeyaml-2.4.jar:/Users/danieledwinmwathe.ng/.m2/repository/org/springframework/boot/spring-boot-starter-json/3.5.3/spring-boot-starter-json-3.5.3.jar:/Users/danieledwinmwathe.ng/.m2/repository/com/fasterxml/jackson/core/jackson-databind/2.19.1/jackson-databind-2.19.1.jar:/Users/danieledwinmwathe.ng/.m2/repository/com/fasterxml/jackson/core/jackson-annotations/2.19.1/jackson-annotations-2.19.1.jar:/Users/danieledwinmwathe.ng/.m2/repository/com/fasterxml/jackson/core/jackson-core/2.19.1/jackson-core-2.19.1.jar:/Users/danieledwinmwathe.ng/.m2/repository/com/fasterxml/jackson/datatype/jackson-datatype-jdk8/2.19.1/jackson-datatype-jdk8-2.19.1.jar:/Users/danieledwinmwathe.ng/.m2/repository/com/fasterxml/jackson/datatype/jackson-datatype-jsr310/2.19.1/jackson-datatype-jsr310-2.19.1.jar:/Users/danieledwinmwathe.ng/.m2/repository/com/fasterxml/jackson/module/jackson-module-parameter-names/2.19.1/jackson-module-parameter-names-2.19.1.jar:/Users/danieledwinmwathe.ng/.m2/repository/org/springframework/boot/spring-boot-starter-tomcat/3.5.3/spring-boot-starter-tomcat-3.5.3.jar:/Users/danieledwinmwathe.ng/.m2/repository/org/apache/tomcat/embed/tomcat-embed-core/10.1.42/tomcat-embed-core-10.1.42.jar:/Users/danieledwinmwathe.ng/.m2/repository/org/apache/tomcat/embed/tomcat-embed-el/10.1.42/tomcat-embed-el-10.1.42.jar:/Users/danieledwinmwathe.ng/.m2/repository/org/apache/tomcat/embed/tomcat-embed-websocket/10.1.42/tomcat-embed-websocket-10.1.42.jar:/Users/danieledwinmwathe.ng/.m2/repository/org/springframework/spring-web/6.2.8/spring-web-6.2.8.jar:/Users/danieledwinmwathe.ng/.m2/repository/org/springframework/spring-beans/6.2.8/spring-beans-6.2.8.jar:/Users/danieledwinmwathe.ng/.m2/repository/io/micrometer/micrometer-observation/1.15.1/micrometer-observation-1.15.1.jar:/Users/danieledwinmwathe.ng/.m2/repository/io/micrometer/micrometer-commons/1.15.1/micrometer-commons-1.15.1.jar:/Users/danieledwinmwathe.ng/.m2/repository/org/springframework/spring-webmvc/6.2.8/spring-webmvc-6.2.8.jar:/Users/danieledwinmwathe.ng/.m2/repository/org/springframework/spring-aop/6.2.8/spring-aop-6.2.8.jar:/Users/danieledwinmwathe.ng/.m2/repository/org/springframework/spring-context/6.2.8/spring-context-6.2.8.jar:/Users/danieledwinmwathe.ng/.m2/repository/org/springframework/spring-expression/6.2.8/spring-expression-6.2.8.jar:/Users/danieledwinmwathe.ng/.m2/repository/org/springframework/boot/spring-boot-starter-data-jpa/3.5.3/spring-boot-starter-data-jpa-3.5.3.jar:/Users/danieledwinmwathe.ng/.m2/repository/org/springframework/boot/spring-boot-starter-jdbc/3.5.3/spring-boot-starter-jdbc-3.5.3.jar:/Users/danieledwinmwathe.ng/.m2/repository/com/zaxxer/HikariCP/6.3.0/HikariCP-6.3.0.jar:/Users/danieledwinmwathe.ng/.m2/repository/org/springframework/spring-jdbc/6.2.8/spring-jdbc-6.2.8.jar:/Users/danieledwinmwathe.ng/.m2/repository/org/hibernate/orm/hibernate-core/6.6.18.Final/hibernate-core-6.6.18.Final.jar:/Users/danieledwinmwathe.ng/.m2/repository/jakarta/persistence/jakarta.persistence-api/3.1.0/jakarta.persistence-api-3.1.0.jar:/Users/danieledwinmwathe.ng/.m2/repository/jakarta/transaction/jakarta.transaction-api/2.0.1/jakarta.transaction-api-2.0.1.jar:/Users/danieledwinmwathe.ng/.m2/repository/org/jboss/logging/jboss-logging/3.6.1.Final/jboss-logging-3.6.1.Final.jar:/Users/danieledwinmwathe.ng/.m2/repository/org/hibernate/common/hibernate-commons-annotations/7.0.3.Final/hibernate-commons-annotations-7.0.3.Final.jar:/Users/danieledwinmwathe.ng/.m2/repository/io/smallrye/jandex/3.2.0/jandex-3.2.0.jar:/Users/danieledwinmwathe.ng/.m2/repository/com/fasterxml/classmate/1.7.0/classmate-1.7.0.jar:/Users/danieledwinmwathe.ng/.m2/repository/net/bytebuddy/byte-buddy/1.17.6/byte-buddy-1.17.6.jar:/Users/danieledwinmwathe.ng/.m2/repository/org/glassfish/jaxb/jaxb-runtime/4.0.5/jaxb-runtime-4.0.5.jar:/Users/danieledwinmwathe.ng/.m2/repository/org/glassfish/jaxb/jaxb-core/4.0.5/jaxb-core-4.0.5.jar:/Users/danieledwinmwathe.ng/.m2/repository/org/eclipse/angus/angus-activation/2.0.2/angus-activation-2.0.2.jar:/Users/danieledwinmwathe.ng/.m2/repository/org/glassfish/jaxb/txw2/4.0.5/txw2-4.0.5.jar:/Users/danieledwinmwathe.ng/.m2/repository/com/sun/istack/istack-commons-runtime/4.1.2/istack-commons-runtime-4.1.2.jar:/Users/danieledwinmwathe.ng/.m2/repository/jakarta/inject/jakarta.inject-api/2.0.1/jakarta.inject-api-2.0.1.jar:/Users/danieledwinmwathe.ng/.m2/repository/org/antlr/antlr4-runtime/4.13.0/antlr4-runtime-4.13.0.jar:/Users/danieledwinmwathe.ng/.m2/repository/org/springframework/data/spring-data-jpa/3.5.1/spring-data-jpa-3.5.1.jar:/Users/danieledwinmwathe.ng/.m2/repository/org/springframework/data/spring-data-commons/3.5.1/spring-data-commons-3.5.1.jar:/Users/danieledwinmwathe.ng/.m2/repository/org/springframework/spring-orm/6.2.8/spring-orm-6.2.8.jar:/Users/danieledwinmwathe.ng/.m2/repository/org/springframework/spring-tx/6.2.8/spring-tx-6.2.8.jar:/Users/danieledwinmwathe.ng/.m2/repository/org/slf4j/slf4j-api/2.0.17/slf4j-api-2.0.17.jar:/Users/danieledwinmwathe.ng/.m2/repository/org/springframework/spring-aspects/6.2.8/spring-aspects-6.2.8.jar:/Users/danieledwinmwathe.ng/.m2/repository/org/aspectj/aspectjweaver/1.9.24/aspectjweaver-1.9.24.jar:/Users/danieledwinmwathe.ng/.m2/repository/org/springframework/boot/spring-boot-starter-thymeleaf/3.5.3/spring-boot-starter-thymeleaf-3.5.3.jar:/Users/danieledwinmwathe.ng/.m2/repository/org/thymeleaf/thymeleaf-spring6/3.1.3.RELEASE/thymeleaf-spring6-3.1.3.RELEASE.jar:/Users/danieledwinmwathe.ng/.m2/repository/org/thymeleaf/thymeleaf/3.1.3.RELEASE/thymeleaf-3.1.3.RELEASE.jar:/Users/danieledwinmwathe.ng/.m2/repository/org/attoparser/attoparser/2.0.7.RELEASE/attoparser-2.0.7.RELEASE.jar:/Users/danieledwinmwathe.ng/.m2/repository/org/unbescape/unbescape/1.1.6.RELEASE/unbescape-1.1.6.RELEASE.jar:/Users/danieledwinmwathe.ng/.m2/repository/com/h2database/h2/2.3.232/h2-2.3.232.jar:/Users/danieledwinmwathe.ng/.m2/repository/com/mysql/mysql-connector-j/9.3.0/mysql-connector-j-9.3.0.jar:/Users/danieledwinmwathe.ng/.m2/repository/org/springframework/boot/spring-boot-starter-logging/3.5.3/spring-boot-starter-logging-3.5.3.jar:/Users/danieledwinmwathe.ng/.m2/repository/ch/qos/logback/logback-classic/1.5.18/logback-classic-1.5.18.jar:/Users/danieledwinmwathe.ng/.m2/repository/ch/qos/logback/logback-core/1.5.18/logback-core-1.5.18.jar:/Users/danieledwinmwathe.ng/.m2/repository/org/apache/logging/log4j/log4j-to-slf4j/2.24.3/log4j-to-slf4j-2.24.3.jar:/Users/danieledwinmwathe.ng/.m2/repository/org/apache/logging/log4j/log4j-api/2.24.3/log4j-api-2.24.3.jar:/Users/danieledwinmwathe.ng/.m2/repository/org/slf4j/jul-to-slf4j/2.0.17/jul-to-slf4j-2.0.17.jar:/Users/danieledwinmwathe.ng/.m2/repository/org/webjars/bootstrap/5.3.3/bootstrap-5.3.3.jar:/Users/danieledwinmwathe.ng/.m2/repository/org/springframework/boot/spring-boot-starter-test/3.5.3/spring-boot-starter-test-3.5.3.jar:/Users/danieledwinmwathe.ng/.m2/repository/org/springframework/boot/spring-boot-test/3.5.3/spring-boot-test-3.5.3.jar:/Users/danieledwinmwathe.ng/.m2/repository/org/springframework/boot/spring-boot-test-autoconfigure/3.5.3/spring-boot-test-autoconfigure-3.5.3.jar:/Users/danieledwinmwathe.ng/.m2/repository/com/jayway/jsonpath/json-path/2.9.0/json-path-2.9.0.jar:/Users/danieledwinmwathe.ng/.m2/repository/jakarta/xml/bind/jakarta.xml.bind-api/4.0.2/jakarta.xml.bind-api-4.0.2.jar:/Users/danieledwinmwathe.ng/.m2/repository/jakarta/activation/jakarta.activation-api/2.1.3/jakarta.activation-api-2.1.3.jar:/Users/danieledwinmwathe.ng/.m2/repository/net/minidev/json-smart/2.5.2/json-smart-2.5.2.jar:/Users/danieledwinmwathe.ng/.m2/repository/net/minidev/accessors-smart/2.5.2/accessors-smart-2.5.2.jar:/Users/danieledwinmwathe.ng/.m2/repository/org/ow2/asm/asm/9.7.1/asm-9.7.1.jar:/Users/danieledwinmwathe.ng/.m2/repository/org/assertj/assertj-core/3.27.3/assertj-core-3.27.3.jar:/Users/danieledwinmwathe.ng/.m2/repository/org/awaitility/awaitility/4.2.2/awaitility-4.2.2.jar:/Users/danieledwinmwathe.ng/.m2/repository/org/hamcrest/hamcrest/3.0/hamcrest-3.0.jar:/Users/danieledwinmwathe.ng/.m2/repository/org/mockito/mockito-core/5.17.0/mockito-core-5.17.0.jar:/Users/danieledwinmwathe.ng/.m2/repository/net/bytebuddy/byte-buddy-agent/1.17.6/byte-buddy-agent-1.17.6.jar:/Users/danieledwinmwathe.ng/.m2/repository/org/objenesis/objenesis/3.3/objenesis-3.3.jar:/Users/danieledwinmwathe.ng/.m2/repository/org/mockito/mockito-junit-jupiter/5.17.0/mockito-junit-jupiter-5.17.0.jar:/Users/danieledwinmwathe.ng/.m2/repository/org/skyscreamer/jsonassert/1.5.3/jsonassert-1.5.3.jar:/Users/danieledwinmwathe.ng/.m2/repository/com/vaadin/external/google/android-json/0.0.20131108.vaadin1/android-json-0.0.20131108.vaadin1.jar:/Users/danieledwinmwathe.ng/.m2/repository/org/springframework/spring-core/6.2.8/spring-core-6.2.8.jar:/Users/danieledwinmwathe.ng/.m2/repository/org/springframework/spring-jcl/6.2.8/spring-jcl-6.2.8.jar:/Users/danieledwinmwathe.ng/.m2/repository/org/springframework/spring-test/6.2.8/spring-test-6.2.8.jar:/Users/danieledwinmwathe.ng/.m2/repository/org/xmlunit/xmlunit-core/2.10.2/xmlunit-core-2.10.2.jar:/Users/danieledwinmwathe.ng/.m2/repository/org/junit/jupiter/junit-jupiter/5.10.2/junit-jupiter-5.10.2.jar:/Users/danieledwinmwathe.ng/.m2/repository/org/junit/jupiter/junit-jupiter-api/5.12.2/junit-jupiter-api-5.12.2.jar:/Users/danieledwinmwathe.ng/.m2/repository/org/opentest4j/opentest4j/1.3.0/opentest4j-1.3.0.jar:/Users/danieledwinmwathe.ng/.m2/repository/org/junit/platform/junit-platform-commons/1.12.2/junit-platform-commons-1.12.2.jar:/Users/danieledwinmwathe.ng/.m2/repository/org/apiguardian/apiguardian-api/1.1.2/apiguardian-api-1.1.2.jar:/Users/danieledwinmwathe.ng/.m2/repository/org/junit/jupiter/junit-jupiter-params/5.12.2/junit-jupiter-params-5.12.2.jar:/Users/danieledwinmwathe.ng/.m2/repository/org/junit/jupiter/junit-jupiter-engine/5.12.2/junit-jupiter-engine-5.12.2.jar:/Users/danieledwinmwathe.ng/.m2/repository/org/junit/platform/junit-platform-engine/1.12.2/junit-platform-engine-1.12.2.jar:"/>
    <property name="java.vm.vendor" value="Homebrew"/>
    <property name="sun.arch.data.model" value="64"/>
    <property name="java.vendor.url" value="https://github.com/Homebrew/homebrew-core/issues"/>
    <property name="user.timezone" value="Europe/Berlin"/>
    <property name="org.jboss.logging.provider" value="slf4j"/>
    <property name="os.name" value="Mac OS X"/>
    <property name="java.vm.specification.version" value="22"/>
    <property name="sun.java.launcher" value="SUN_STANDARD"/>
    <property name="user.country" value="NL"/>
    <property name="sun.boot.library.path" value="/opt/homebrew/Cellar/openjdk/22.0.1/libexec/openjdk.jdk/Contents/Home/lib"/>
    <property name="sun.java.command" value="/Users/danieledwinmwathe.ng/CascadeProjects/springboot-demo-app/target/surefire/surefirebooter-20250723154403288_3.jar /Users/danieledwinmwathe.ng/CascadeProjects/springboot-demo-app/target/surefire 2025-07-23T15-44-02_683-jvmRun1 surefire-20250723154403288_1tmp surefire_0-20250723154403288_2tmp"/>
    <property name="jdk.debug" value="release"/>
    <property name="surefire.test.class.path" value="/Users/danieledwinmwathe.ng/CascadeProjects/springboot-demo-app/target/test-classes:/Users/danieledwinmwathe.ng/CascadeProjects/springboot-demo-app/target/classes:/Users/danieledwinmwathe.ng/.m2/repository/org/springframework/boot/spring-boot-starter-web/3.5.3/spring-boot-starter-web-3.5.3.jar:/Users/danieledwinmwathe.ng/.m2/repository/org/springframework/boot/spring-boot-starter/3.5.3/spring-boot-starter-3.5.3.jar:/Users/danieledwinmwathe.ng/.m2/repository/org/springframework/boot/spring-boot/3.5.3/spring-boot-3.5.3.jar:/Users/danieledwinmwathe.ng/.m2/repository/org/springframework/boot/spring-boot-autoconfigure/3.5.3/spring-boot-autoconfigure-3.5.3.jar:/Users/danieledwinmwathe.ng/.m2/repository/jakarta/annotation/jakarta.annotation-api/2.1.1/jakarta.annotation-api-2.1.1.jar:/Users/danieledwinmwathe.ng/.m2/repository/org/yaml/snakeyaml/2.4/snakeyaml-2.4.jar:/Users/danieledwinmwathe.ng/.m2/repository/org/springframework/boot/spring-boot-starter-json/3.5.3/spring-boot-starter-json-3.5.3.jar:/Users/danieledwinmwathe.ng/.m2/repository/com/fasterxml/jackson/core/jackson-databind/2.19.1/jackson-databind-2.19.1.jar:/Users/danieledwinmwathe.ng/.m2/repository/com/fasterxml/jackson/core/jackson-annotations/2.19.1/jackson-annotations-2.19.1.jar:/Users/danieledwinmwathe.ng/.m2/repository/com/fasterxml/jackson/core/jackson-core/2.19.1/jackson-core-2.19.1.jar:/Users/danieledwinmwathe.ng/.m2/repository/com/fasterxml/jackson/datatype/jackson-datatype-jdk8/2.19.1/jackson-datatype-jdk8-2.19.1.jar:/Users/danieledwinmwathe.ng/.m2/repository/com/fasterxml/jackson/datatype/jackson-datatype-jsr310/2.19.1/jackson-datatype-jsr310-2.19.1.jar:/Users/danieledwinmwathe.ng/.m2/repository/com/fasterxml/jackson/module/jackson-module-parameter-names/2.19.1/jackson-module-parameter-names-2.19.1.jar:/Users/danieledwinmwathe.ng/.m2/repository/org/springframework/boot/spring-boot-starter-tomcat/3.5.3/spring-boot-starter-tomcat-3.5.3.jar:/Users/danieledwinmwathe.ng/.m2/repository/org/apache/tomcat/embed/tomcat-embed-core/10.1.42/tomcat-embed-core-10.1.42.jar:/Users/danieledwinmwathe.ng/.m2/repository/org/apache/tomcat/embed/tomcat-embed-el/10.1.42/tomcat-embed-el-10.1.42.jar:/Users/danieledwinmwathe.ng/.m2/repository/org/apache/tomcat/embed/tomcat-embed-websocket/10.1.42/tomcat-embed-websocket-10.1.42.jar:/Users/danieledwinmwathe.ng/.m2/repository/org/springframework/spring-web/6.2.8/spring-web-6.2.8.jar:/Users/danieledwinmwathe.ng/.m2/repository/org/springframework/spring-beans/6.2.8/spring-beans-6.2.8.jar:/Users/danieledwinmwathe.ng/.m2/repository/io/micrometer/micrometer-observation/1.15.1/micrometer-observation-1.15.1.jar:/Users/danieledwinmwathe.ng/.m2/repository/io/micrometer/micrometer-commons/1.15.1/micrometer-commons-1.15.1.jar:/Users/danieledwinmwathe.ng/.m2/repository/org/springframework/spring-webmvc/6.2.8/spring-webmvc-6.2.8.jar:/Users/danieledwinmwathe.ng/.m2/repository/org/springframework/spring-aop/6.2.8/spring-aop-6.2.8.jar:/Users/danieledwinmwathe.ng/.m2/repository/org/springframework/spring-context/6.2.8/spring-context-6.2.8.jar:/Users/danieledwinmwathe.ng/.m2/repository/org/springframework/spring-expression/6.2.8/spring-expression-6.2.8.jar:/Users/danieledwinmwathe.ng/.m2/repository/org/springframework/boot/spring-boot-starter-data-jpa/3.5.3/spring-boot-starter-data-jpa-3.5.3.jar:/Users/danieledwinmwathe.ng/.m2/repository/org/springframework/boot/spring-boot-starter-jdbc/3.5.3/spring-boot-starter-jdbc-3.5.3.jar:/Users/danieledwinmwathe.ng/.m2/repository/com/zaxxer/HikariCP/6.3.0/HikariCP-6.3.0.jar:/Users/danieledwinmwathe.ng/.m2/repository/org/springframework/spring-jdbc/6.2.8/spring-jdbc-6.2.8.jar:/Users/danieledwinmwathe.ng/.m2/repository/org/hibernate/orm/hibernate-core/6.6.18.Final/hibernate-core-6.6.18.Final.jar:/Users/danieledwinmwathe.ng/.m2/repository/jakarta/persistence/jakarta.persistence-api/3.1.0/jakarta.persistence-api-3.1.0.jar:/Users/danieledwinmwathe.ng/.m2/repository/jakarta/transaction/jakarta.transaction-api/2.0.1/jakarta.transaction-api-2.0.1.jar:/Users/danieledwinmwathe.ng/.m2/repository/org/jboss/logging/jboss-logging/3.6.1.Final/jboss-logging-3.6.1.Final.jar:/Users/danieledwinmwathe.ng/.m2/repository/org/hibernate/common/hibernate-commons-annotations/7.0.3.Final/hibernate-commons-annotations-7.0.3.Final.jar:/Users/danieledwinmwathe.ng/.m2/repository/io/smallrye/jandex/3.2.0/jandex-3.2.0.jar:/Users/danieledwinmwathe.ng/.m2/repository/com/fasterxml/classmate/1.7.0/classmate-1.7.0.jar:/Users/danieledwinmwathe.ng/.m2/repository/net/bytebuddy/byte-buddy/1.17.6/byte-buddy-1.17.6.jar:/Users/danieledwinmwathe.ng/.m2/repository/org/glassfish/jaxb/jaxb-runtime/4.0.5/jaxb-runtime-4.0.5.jar:/Users/danieledwinmwathe.ng/.m2/repository/org/glassfish/jaxb/jaxb-core/4.0.5/jaxb-core-4.0.5.jar:/Users/danieledwinmwathe.ng/.m2/repository/org/eclipse/angus/angus-activation/2.0.2/angus-activation-2.0.2.jar:/Users/danieledwinmwathe.ng/.m2/repository/org/glassfish/jaxb/txw2/4.0.5/txw2-4.0.5.jar:/Users/danieledwinmwathe.ng/.m2/repository/com/sun/istack/istack-commons-runtime/4.1.2/istack-commons-runtime-4.1.2.jar:/Users/danieledwinmwathe.ng/.m2/repository/jakarta/inject/jakarta.inject-api/2.0.1/jakarta.inject-api-2.0.1.jar:/Users/danieledwinmwathe.ng/.m2/repository/org/antlr/antlr4-runtime/4.13.0/antlr4-runtime-4.13.0.jar:/Users/danieledwinmwathe.ng/.m2/repository/org/springframework/data/spring-data-jpa/3.5.1/spring-data-jpa-3.5.1.jar:/Users/danieledwinmwathe.ng/.m2/repository/org/springframework/data/spring-data-commons/3.5.1/spring-data-commons-3.5.1.jar:/Users/danieledwinmwathe.ng/.m2/repository/org/springframework/spring-orm/6.2.8/spring-orm-6.2.8.jar:/Users/danieledwinmwathe.ng/.m2/repository/org/springframework/spring-tx/6.2.8/spring-tx-6.2.8.jar:/Users/danieledwinmwathe.ng/.m2/repository/org/slf4j/slf4j-api/2.0.17/slf4j-api-2.0.17.jar:/Users/danieledwinmwathe.ng/.m2/repository/org/springframework/spring-aspects/6.2.8/spring-aspects-6.2.8.jar:/Users/danieledwinmwathe.ng/.m2/repository/org/aspectj/aspectjweaver/1.9.24/aspectjweaver-1.9.24.jar:/Users/danieledwinmwathe.ng/.m2/repository/org/springframework/boot/spring-boot-starter-thymeleaf/3.5.3/spring-boot-starter-thymeleaf-3.5.3.jar:/Users/danieledwinmwathe.ng/.m2/repository/org/thymeleaf/thymeleaf-spring6/3.1.3.RELEASE/thymeleaf-spring6-3.1.3.RELEASE.jar:/Users/danieledwinmwathe.ng/.m2/repository/org/thymeleaf/thymeleaf/3.1.3.RELEASE/thymeleaf-3.1.3.RELEASE.jar:/Users/danieledwinmwathe.ng/.m2/repository/org/attoparser/attoparser/2.0.7.RELEASE/attoparser-2.0.7.RELEASE.jar:/Users/danieledwinmwathe.ng/.m2/repository/org/unbescape/unbescape/1.1.6.RELEASE/unbescape-1.1.6.RELEASE.jar:/Users/danieledwinmwathe.ng/.m2/repository/com/h2database/h2/2.3.232/h2-2.3.232.jar:/Users/danieledwinmwathe.ng/.m2/repository/com/mysql/mysql-connector-j/9.3.0/mysql-connector-j-9.3.0.jar:/Users/danieledwinmwathe.ng/.m2/repository/org/springframework/boot/spring-boot-starter-logging/3.5.3/spring-boot-starter-logging-3.5.3.jar:/Users/danieledwinmwathe.ng/.m2/repository/ch/qos/logback/logback-classic/1.5.18/logback-classic-1.5.18.jar:/Users/danieledwinmwathe.ng/.m2/repository/ch/qos/logback/logback-core/1.5.18/logback-core-1.5.18.jar:/Users/danieledwinmwathe.ng/.m2/repository/org/apache/logging/log4j/log4j-to-slf4j/2.24.3/log4j-to-slf4j-2.24.3.jar:/Users/danieledwinmwathe.ng/.m2/repository/org/apache/logging/log4j/log4j-api/2.24.3/log4j-api-2.24.3.jar:/Users/danieledwinmwathe.ng/.m2/repository/org/slf4j/jul-to-slf4j/2.0.17/jul-to-slf4j-2.0.17.jar:/Users/danieledwinmwathe.ng/.m2/repository/org/webjars/bootstrap/5.3.3/bootstrap-5.3.3.jar:/Users/danieledwinmwathe.ng/.m2/repository/org/springframework/boot/spring-boot-starter-test/3.5.3/spring-boot-starter-test-3.5.3.jar:/Users/danieledwinmwathe.ng/.m2/repository/org/springframework/boot/spring-boot-test/3.5.3/spring-boot-test-3.5.3.jar:/Users/danieledwinmwathe.ng/.m2/repository/org/springframework/boot/spring-boot-test-autoconfigure/3.5.3/spring-boot-test-autoconfigure-3.5.3.jar:/Users/danieledwinmwathe.ng/.m2/repository/com/jayway/jsonpath/json-path/2.9.0/json-path-2.9.0.jar:/Users/danieledwinmwathe.ng/.m2/repository/jakarta/xml/bind/jakarta.xml.bind-api/4.0.2/jakarta.xml.bind-api-4.0.2.jar:/Users/danieledwinmwathe.ng/.m2/repository/jakarta/activation/jakarta.activation-api/2.1.3/jakarta.activation-api-2.1.3.jar:/Users/danieledwinmwathe.ng/.m2/repository/net/minidev/json-smart/2.5.2/json-smart-2.5.2.jar:/Users/danieledwinmwathe.ng/.m2/repository/net/minidev/accessors-smart/2.5.2/accessors-smart-2.5.2.jar:/Users/danieledwinmwathe.ng/.m2/repository/org/ow2/asm/asm/9.7.1/asm-9.7.1.jar:/Users/danieledwinmwathe.ng/.m2/repository/org/assertj/assertj-core/3.27.3/assertj-core-3.27.3.jar:/Users/danieledwinmwathe.ng/.m2/repository/org/awaitility/awaitility/4.2.2/awaitility-4.2.2.jar:/Users/danieledwinmwathe.ng/.m2/repository/org/hamcrest/hamcrest/3.0/hamcrest-3.0.jar:/Users/danieledwinmwathe.ng/.m2/repository/org/mockito/mockito-core/5.17.0/mockito-core-5.17.0.jar:/Users/danieledwinmwathe.ng/.m2/repository/net/bytebuddy/byte-buddy-agent/1.17.6/byte-buddy-agent-1.17.6.jar:/Users/danieledwinmwathe.ng/.m2/repository/org/objenesis/objenesis/3.3/objenesis-3.3.jar:/Users/danieledwinmwathe.ng/.m2/repository/org/mockito/mockito-junit-jupiter/5.17.0/mockito-junit-jupiter-5.17.0.jar:/Users/danieledwinmwathe.ng/.m2/repository/org/skyscreamer/jsonassert/1.5.3/jsonassert-1.5.3.jar:/Users/danieledwinmwathe.ng/.m2/repository/com/vaadin/external/google/android-json/0.0.20131108.vaadin1/android-json-0.0.20131108.vaadin1.jar:/Users/danieledwinmwathe.ng/.m2/repository/org/springframework/spring-core/6.2.8/spring-core-6.2.8.jar:/Users/danieledwinmwathe.ng/.m2/repository/org/springframework/spring-jcl/6.2.8/spring-jcl-6.2.8.jar:/Users/danieledwinmwathe.ng/.m2/repository/org/springframework/spring-test/6.2.8/spring-test-6.2.8.jar:/Users/danieledwinmwathe.ng/.m2/repository/org/xmlunit/xmlunit-core/2.10.2/xmlunit-core-2.10.2.jar:/Users/danieledwinmwathe.ng/.m2/repository/org/junit/jupiter/junit-jupiter/5.10.2/junit-jupiter-5.10.2.jar:/Users/danieledwinmwathe.ng/.m2/repository/org/junit/jupiter/junit-jupiter-api/5.12.2/junit-jupiter-api-5.12.2.jar:/Users/danieledwinmwathe.ng/.m2/repository/org/opentest4j/opentest4j/1.3.0/opentest4j-1.3.0.jar:/Users/danieledwinmwathe.ng/.m2/repository/org/junit/platform/junit-platform-commons/1.12.2/junit-platform-commons-1.12.2.jar:/Users/danieledwinmwathe.ng/.m2/repository/org/apiguardian/apiguardian-api/1.1.2/apiguardian-api-1.1.2.jar:/Users/danieledwinmwathe.ng/.m2/repository/org/junit/jupiter/junit-jupiter-params/5.12.2/junit-jupiter-params-5.12.2.jar:/Users/danieledwinmwathe.ng/.m2/repository/org/junit/jupiter/junit-jupiter-engine/5.12.2/junit-jupiter-engine-5.12.2.jar:/Users/danieledwinmwathe.ng/.m2/repository/org/junit/platform/junit-platform-engine/1.12.2/junit-platform-engine-1.12.2.jar:"/>
    <property name="sun.cpu.endian" value="little"/>
    <property name="user.home" value="/Users/danieledwinmwathe.ng"/>
    <property name="user.language" value="en"/>
    <property name="java.specification.vendor" value="Oracle Corporation"/>
    <property name="java.version.date" value="2024-04-16"/>
    <property name="java.home" value="/opt/homebrew/Cellar/openjdk/22.0.1/libexec/openjdk.jdk/Contents/Home"/>
    <property name="file.separator" value="/"/>
    <property name="basedir" value="/Users/danieledwinmwathe.ng/CascadeProjects/springboot-demo-app"/>
    <property name="java.vm.compressedOopsMode" value="Zero based"/>
    <property name="line.separator" value="&#10;"/>
    <property name="java.vm.specification.vendor" value="Oracle Corporation"/>
    <property name="java.specification.name" value="Java Platform API Specification"/>
    <property name="FILE_LOG_CHARSET" value="UTF-8"/>
    <property name="java.awt.headless" value="true"/>
    <property name="apple.awt.application.name" value="ForkedBooter"/>
    <property name="surefire.real.class.path" value="/Users/danieledwinmwathe.ng/CascadeProjects/springboot-demo-app/target/surefire/surefirebooter-20250723154403288_3.jar"/>
    <property name="sun.management.compiler" value="HotSpot 64-Bit Tiered Compilers"/>
    <property name="java.runtime.version" value="22.0.1"/>
    <property name="user.name" value="danieledwinmwathe.ng"/>
    <property name="stdout.encoding" value="UTF-8"/>
    <property name="path.separator" value=":"/>
    <property name="os.version" value="15.5"/>
    <property name="java.runtime.name" value="OpenJDK Runtime Environment"/>
    <property name="file.encoding" value="UTF-8"/>
    <property name="java.vm.name" value="OpenJDK 64-Bit Server VM"/>
    <property name="java.vendor.version" value="Homebrew"/>
    <property name="LOG_FILE" value="logs/app-errors.log"/>
    <property name="localRepository" value="/Users/danieledwinmwathe.ng/.m2/repository"/>
    <property name="java.vendor.url.bug" value="https://github.com/Homebrew/homebrew-core/issues"/>
    <property name="java.io.tmpdir" value="/var/folders/0x/9787jl7j5svgwx3h056dt1gc0000gp/T/"/>
    <property name="com.zaxxer.hikari.pool_number" value="1"/>
    <property name="java.version" value="22.0.1"/>
    <property name="user.dir" value="/Users/danieledwinmwathe.ng/CascadeProjects/springboot-demo-app"/>
    <property name="os.arch" value="aarch64"/>
    <property name="java.vm.specification.name" value="Java Virtual Machine Specification"/>
    <property name="PID" value="21079"/>
    <property name="CONSOLE_LOG_CHARSET" value="UTF-8"/>
    <property name="native.encoding" value="UTF-8"/>
    <property name="java.library.path" value="/Users/danieledwinmwathe.ng/Library/Java/Extensions:/Library/Java/Extensions:/Network/Library/Java/Extensions:/System/Library/Java/Extensions:/usr/lib/java:."/>
    <property name="java.vm.info" value="mixed mode, sharing"/>
    <property name="stderr.encoding" value="UTF-8"/>
    <property name="java.vendor" value="Homebrew"/>
    <property name="java.vm.version" value="22.0.1"/>
    <property name="sun.io.unicode.encoding" value="UnicodeBig"/>
    <property name="java.class.version" value="66.0"/>
  </properties>
  <testcase name="testUpdateUser" classname="com.example.demo.AppUserRestControllerTest" time="0.208">
    <system-out><![CDATA[15:44:04.431 [main] INFO org.springframework.test.context.support.AnnotationConfigContextLoaderUtils -- Could not detect default configuration classes for test class [com.example.demo.AppUserRestControllerTest]: AppUserRestControllerTest does not declare any static, non-private, non-final, nested classes annotated with @Configuration.
15:44:04.488 [main] INFO org.springframework.boot.test.context.SpringBootTestContextBootstrapper -- Found @SpringBootConfiguration com.example.demo.SpringbootDemoAppApplication for test class com.example.demo.AppUserRestControllerTest

  .   ____          _            __ _ _
 /\\ / ___'_ __ _ _(_)_ __  __ _ \ \ \ \
( ( )\___ | '_ | '_| | '_ \/ _` | \ \ \ \
 \\/  ___)| |_)| | | | | || (_| |  ) ) ) )
  '  |____| .__|_| |_|_| |_\__, | / / / /
 =========|_|==============|___/=/_/_/_/

 :: Spring Boot ::                (v3.5.3)

Hibernate: drop table if exists app_user cascade 
Hibernate: drop table if exists basket_items cascade 
Hibernate: drop table if exists baskets cascade 
Hibernate: drop table if exists product cascade 
Hibernate: create table app_user (id bigint generated by default as identity, email varchar(255), name varchar(255), primary key (id))
Hibernate: create table basket_items (quantity integer not null, basket_id bigint not null, id bigint generated by default as identity, product_id bigint not null, primary key (id))
Hibernate: create table baskets (id bigint generated by default as identity, primary key (id))
Hibernate: create table product (price float(53), id bigint generated by default as identity, name varchar(255), primary key (id))
Hibernate: alter table if exists basket_items add constraint FKnx44qatthch57p2bgo873qfxu foreign key (basket_id) references baskets
Hibernate: alter table if exists basket_items add constraint FK4wfen7ten4qjcumokqi6h711i foreign key (product_id) references product
Hibernate: INSERT INTO product (name, price) VALUES ('Demo Product 1', 10.99)
Hibernate: INSERT INTO product (name, price) VALUES ('Demo Product 2', 19.99)
Hibernate: select au1_0.id,au1_0.email,au1_0.name from app_user au1_0
Hibernate: insert into app_user (email,name,id) values (?,?,default)
Hibernate: select au1_0.id,au1_0.email,au1_0.name from app_user au1_0 where au1_0.id=?
Hibernate: update app_user set email=?,name=? where id=?
]]></system-out>
    <system-err><![CDATA[15:44:05,114 |-WARN in Logger[org.springframework.data.repository.config.RepositoryConfigurationDelegate] - No appenders present in context [default] for logger [org.springframework.data.repository.config.RepositoryConfigurationDelegate].
]]></system-err>
  </testcase>
  <testcase name="testDeleteUser" classname="com.example.demo.AppUserRestControllerTest" time="0.014">
    <system-out><![CDATA[Hibernate: select au1_0.id,au1_0.email,au1_0.name from app_user au1_0
Hibernate: delete from app_user where id=?
Hibernate: insert into app_user (email,name,id) values (?,?,default)
Hibernate: select au1_0.id,au1_0.email,au1_0.name from app_user au1_0 where au1_0.id=?
Hibernate: delete from app_user where id=?
]]></system-out>
  </testcase>
  <testcase name="testCreateAndGetUser" classname="com.example.demo.AppUserRestControllerTest" time="0.012">
    <system-out><![CDATA[Hibernate: select au1_0.id,au1_0.email,au1_0.name from app_user au1_0
Hibernate: insert into app_user (email,name,id) values (?,?,default)
Hibernate: select au1_0.id,au1_0.email,au1_0.name from app_user au1_0
]]></system-out>
  </testcase>
</testsuite>